Info: : 1348 mini-second(s) publishing element CustomCategory:minhaview[Processo de Desenvolvimento de Software\customcategories\minhaview_E7913AEA.html]
Info: CustomCategory:minhaview: 1349 mini seconds publishing element
Info: : 9940 mini-second(s) publishing element DeliveryProcess:Processo de Desenvolvimento de Software[Processo de Desenvolvimento de Software\deliveryprocesses\Processo de Desenvolvimento de Software_2331CF8C.html]
Info: DeliveryProcess:Processo de Desenvolvimento de Software: 9941 mini seconds publishing element
Info: DeliveryProcess:Processo de Desenvolvimento de Software: 4818 mini seconds publishing process specific layout data
Info: Phase:Fase Inicial: 449 mini seconds publishing element
Info: : 1581 mini-second(s) publishing element Activity:Definição de Projeto[Processo de Desenvolvimento de Software\deliveryprocesses\Definição de Projeto_FA5A7C11.html]
Info: Activity:Definição de Projeto: 1598 mini seconds publishing element
Info: Activity:Documentação: 421 mini seconds publishing element
Info: Activity:Gerência: 406 mini seconds publishing element
Info: Phase:Fase de Definição: 423 mini seconds publishing element
Info: Activity:Definição do Projeto: 709 mini seconds publishing element
Info: Activity:Implementação: 382 mini seconds publishing element
Info: Activity:Gerência: 432 mini seconds publishing element
Info: Phase:Fase de Implementação: 448 mini seconds publishing element
Info: Activity:Definição do Projeto: 504 mini seconds publishing element
Info: Activity:Implementação: 429 mini seconds publishing element
Info: Activity:Gerência: 418 mini seconds publishing element
Info: Phase:Fase de Testes: 424 mini seconds publishing element
Info: Activity:Implementação: 450 mini seconds publishing element
Info: Activity:Gerência: 411 mini seconds publishing element
Info: TaskDescriptor:definicao_do_problema_a_ser_resolvido: 605 mini seconds publishing element
Info: TaskDescriptor:definir_escopo_do_projeto: 75 mini seconds publishing element
Info: TaskDescriptor:definir_funcionalidades_e_limitacoes: 70 mini seconds publishing element
Info: TaskDescriptor:prototipos_inicial: 65 mini seconds publishing element
Info: TaskDescriptor:analisar_casos_de_uso_criados_: 100 mini seconds publishing element
Info: TaskDescriptor:criacao_de_casos_de_uso_inicial: 60 mini seconds publishing element
Info: TaskDescriptor:documento_de_viso_inicial: 61 mini seconds publishing element
Info: TaskDescriptor:escolher_ferramentas: 99 mini seconds publishing element
Info: TaskDescriptor:instalacao_de_ferramentas: 87 mini seconds publishing element
Info: TaskDescriptor:reunioes: 113 mini seconds publishing element
Info: TaskDescriptor:ajustes_na_arquitetura: 259 mini seconds publishing element
Info: TaskDescriptor:atualizacao_de_diagramas: 65 mini seconds publishing element
Info: TaskDescriptor:criacao_de_diagramas_necessrios: 64 mini seconds publishing element
Info: TaskDescriptor:definir_diagramas_utilizados_na_validacao: 61 mini seconds publishing element
Info: TaskDescriptor:detalhamento_prototipos: 61 mini seconds publishing element
Info: TaskDescriptor:mudancas_nos_requisitos_e_funcionalidades: 61 mini seconds publishing element
Info: TaskDescriptor:iniciar_implementacao: 62 mini seconds publishing element
Info: TaskDescriptor:especificar_ferramentas_utilizadas: 72 mini seconds publishing element
Info: TaskDescriptor:instalacao_de_ferramentas_necessrias_ao_desenvolvimento: 62 mini seconds publishing element
Info: TaskDescriptor:reunioes: 61 mini seconds publishing element
Info: TaskDescriptor:atualizacao_de_diagramas: 62 mini seconds publishing element
Info: TaskDescriptor:casos_de_uso_da_iteracao: 66 mini seconds publishing element
Info: TaskDescriptor:detalhamento_de_diagramas: 64 mini seconds publishing element
Info: TaskDescriptor:mudancas_no_projeto: 76 mini seconds publishing element
Info: TaskDescriptor:executar_a_implementao_principal: 61 mini seconds publishing element
Info: TaskDescriptor:revisao_de_arquitetura: 67 mini seconds publishing element
Info: TaskDescriptor:consulta_com_cliente: 72 mini seconds publishing element
Info: TaskDescriptor:corrigir_erros: 70 mini seconds publishing element
Info: TaskDescriptor:executar_testes: 202 mini seconds publishing element
Info: TaskDescriptor:gerar_relatorios: 93 mini seconds publishing element
Info: TaskDescriptor:verificar_mudancas: 69 mini seconds publishing element
Info: TaskDescriptor:avaliar_evolucao_do_projeto: 60 mini seconds publishing element
Info: TaskDescriptor:planejar_testes: 61 mini seconds publishing element
Info: RoleDescriptor:analista: 353 mini seconds publishing element
Info: RoleDescriptor:analista: 70 mini seconds publishing element
Info: RoleDescriptor:analista: 64 mini seconds publishing element
Info: RoleDescriptor:analista: 84 mini seconds publishing element
Info: RoleDescriptor:clientes: 102 mini seconds publishing element
Info: RoleDescriptor:clientes: 125 mini seconds publishing element
Info: RoleDescriptor:clientes: 79 mini seconds publishing element
Info: RoleDescriptor:desenvolvedor: 82 mini seconds publishing element
Info: RoleDescriptor:desenvolvedor: 65 mini seconds publishing element
Info: RoleDescriptor:desenvolvedor: 320 mini seconds publishing element
Info: RoleDescriptor:desenvolvedor: 83 mini seconds publishing element
Info: RoleDescriptor:designer: 94 mini seconds publishing element
Info: RoleDescriptor:designer: 104 mini seconds publishing element
Info: RoleDescriptor:lider_de_equipe: 122 mini seconds publishing element
Info: RoleDescriptor:lider_de_equipe: 82 mini seconds publishing element
Info: RoleDescriptor:lider_de_equipe: 75 mini seconds publishing element
Info: RoleDescriptor:lider_de_equipe: 69 mini seconds publishing element
Info: RoleDescriptor:lider_de_equipe: 66 mini seconds publishing element
Info: WorkProductDescriptor:ata_de_reunioes: 691 mini seconds publishing element
Info: WorkProductDescriptor:atas_de_reunioes: 61 mini seconds publishing element
Info: WorkProductDescriptor:atas_de_reunioes: 70 mini seconds publishing element
Info: WorkProductDescriptor:codigos_fontes: 136 mini seconds publishing element
Info: WorkProductDescriptor:codigos_fontes_final: 66 mini seconds publishing element
Info: WorkProductDescriptor:diagramas: 64 mini seconds publishing element
Info: WorkProductDescriptor:diagramas: 62 mini seconds publishing element
Info: WorkProductDescriptor:diagramas_iniciais: 70 mini seconds publishing element
Info: WorkProductDescriptor:documento_de_arquitetura: 73 mini seconds publishing element
Info: WorkProductDescriptor:documento_de_arquitetura: 63 mini seconds publishing element
Info: WorkProductDescriptor:documento_de_arquitetura: 78 mini seconds publishing element
Info: WorkProductDescriptor:documento_de_risco: 69 mini seconds publishing element
Info: WorkProductDescriptor:documento_de_visao: 63 mini seconds publishing element
Info: WorkProductDescriptor:documento_de_visao: 69 mini seconds publishing element
Info: WorkProductDescriptor:documento_de_visao: 62 mini seconds publishing element
Info: WorkProductDescriptor:documento_de_visao_final: 64 mini seconds publishing element
Info: WorkProductDescriptor:plano_de_iteracao: 63 mini seconds publishing element
Info: WorkProductDescriptor:planos_de_iteracao: 84 mini seconds publishing element
Info: WorkProductDescriptor:prototipos: 63 mini seconds publishing element
Info: WorkProductDescriptor:prototipos_atualizados: 66 mini seconds publishing element
Info: WorkProductDescriptor:relatorio_de_erros: 64 mini seconds publishing element
Info: WorkProductDescriptor:documento_de_arquitetura: 59 mini seconds publishing element
Info: WorkProductDescriptor:codigos_fontes: 64 mini seconds publishing element
Info: Task:definicao_do_problema_a_ser_resolvido: 373 mini seconds publishing element
Info: Task:definir_escopo_do_projeto: 33 mini seconds publishing element
Info: Task:definir_funcionalidades_e_limitacoes: 30 mini seconds publishing element
Info: Task:prototipos_inicial: 26 mini seconds publishing element
Info: Task:analisar_casos_de_uso_criados_: 53 mini seconds publishing element
Info: Task:criacao_de_casos_de_uso_inicial: 26 mini seconds publishing element
Info: Task:documento_de_viso_inicial: 28 mini seconds publishing element
Info: Task:escolher_ferramentas: 25 mini seconds publishing element
Info: Task:instalacao_de_ferramentas: 26 mini seconds publishing element
Info: Task:reunioes: 72 mini seconds publishing element
Info: Task:ajustes_na_arquitetura: 41 mini seconds publishing element
Info: Task:atualizacao_de_diagramas: 26 mini seconds publishing element
Info: Task:criacao_de_diagramas_necessrios: 27 mini seconds publishing element
Info: Task:definir_diagramas_utilizados_na_validacao: 25 mini seconds publishing element
Info: Task:detalhamento_prototipos: 28 mini seconds publishing element
Info: Task:mudancas_nos_requisitos_e_funcionalidades: 26 mini seconds publishing element
Info: Task:iniciar_implementacao: 26 mini seconds publishing element
Info: Task:especificar_ferramentas_utilizadas: 27 mini seconds publishing element
Info: Task:instalacao_de_ferramentas_necessrias_ao_desenvolvimento: 62 mini seconds publishing element
Info: Task:reunioes: 39 mini seconds publishing element
Info: Task:atualizacao_de_diagramas: 30 mini seconds publishing element
Info: Task:casos_de_uso_da_iteracao: 30 mini seconds publishing element
Info: Task:detalhamento_de_diagramas: 30 mini seconds publishing element
Info: Task:mudancas_no_projeto: 30 mini seconds publishing element
Info: Task:executar_a_implementao_principal: 74 mini seconds publishing element
Info: Task:revisao_de_arquitetura: 34 mini seconds publishing element
Info: Task:consulta_com_cliente: 43 mini seconds publishing element
Info: Task:corrigir_erros: 25 mini seconds publishing element
Info: Task:executar_testes: 27 mini seconds publishing element
Info: Task:gerar_relatorios: 25 mini seconds publishing element
Info: Task:verificar_mudancas: 26 mini seconds publishing element
Info: Task:avaliar_evolucao_do_projeto: 27 mini seconds publishing element
Info: Task:planejar_testes: 24 mini seconds publishing element
Info: : 1742 mini-second(s) publishing element Role:analista[Processo de Desenvolvimento de Software\roles\analista_4615929F.html]
Info: Role:analista: 1742 mini seconds publishing element
Info: Role:analista: 138 mini seconds publishing element
Info: Role:analista: 76 mini seconds publishing element
Info: Role:analista: 56 mini seconds publishing element
Info: Role:clientes: 70 mini seconds publishing element
Info: Role:clientes: 61 mini seconds publishing element
Info: Role:clientes: 57 mini seconds publishing element
Info: Role:desenvolvedor: 80 mini seconds publishing element
Info: Role:desenvolvedor: 62 mini seconds publishing element
Info: Role:desenvolvedor: 88 mini seconds publishing element
Info: Role:desenvolvedor: 76 mini seconds publishing element
Info: Role:designer: 86 mini seconds publishing element
Info: Role:designer: 60 mini seconds publishing element
Info: Role:lider_de_equipe: 78 mini seconds publishing element
Info: Role:lider_de_equipe: 78 mini seconds publishing element
Info: Role:lider_de_equipe: 77 mini seconds publishing element
Info: Role:lider_de_equipe: 59 mini seconds publishing element
Info: Role:lider_de_equipe: 73 mini seconds publishing element
Info: Artifact:ata_de_reunioes: 345 mini seconds publishing element
Info: Artifact:atas_de_reunioes: 29 mini seconds publishing element
Info: Artifact:atas_de_reunioes: 30 mini seconds publishing element
Info: Artifact:codigos_fontes: 31 mini seconds publishing element
Info: Artifact:codigos_fontes_final: 31 mini seconds publishing element
Info: Artifact:diagramas: 28 mini seconds publishing element
Info: Artifact:diagramas: 34 mini seconds publishing element
Info: Artifact:diagramas_iniciais: 30 mini seconds publishing element
Info: Artifact:documento_de_arquitetura: 51 mini seconds publishing element
Info: Artifact:documento_de_arquitetura: 30 mini seconds publishing element
Info: Artifact:documento_de_arquitetura: 35 mini seconds publishing element
Info: Artifact:documento_de_risco: 89 mini seconds publishing element
Info: Artifact:documento_de_visao: 39 mini seconds publishing element
Info: Artifact:documento_de_visao: 38 mini seconds publishing element
Info: Artifact:documento_de_visao: 32 mini seconds publishing element
Info: Artifact:documento_de_visao_final: 35 mini seconds publishing element
Info: Artifact:plano_de_iteracao: 33 mini seconds publishing element
Info: Artifact:planos_de_iteracao: 28 mini seconds publishing element
Info: Artifact:prototipos: 26 mini seconds publishing element
Info: Artifact:prototipos_atualizados: 25 mini seconds publishing element
Info: Artifact:relatorio_de_erros: 27 mini seconds publishing element
Info: : Publishing time: 0 minutes 46 seconds
